2024-12-30 18:51:26,984 - INFO - Opprettet mappe: data/raw
2024-12-30 18:51:26,984 - INFO - Opprettet mappe: data/analyzed
2024-12-30 18:51:26,984 - INFO - Opprettet mappe: logs
2024-12-30 18:51:26,984 - INFO - Henter data fra 2018-02-01 til 2024-12-30
2024-12-30 18:51:27,239 - ERROR - Error 401: {
  "@context" : "https://frost.met.no/schema",
  "@type" : "ErrorResponse",
  "apiVersion" : "v0",
  "license" : "https://creativecommons.org/licenses/by/3.0/no/",
  "createdAt" : "2024-12-30T17:51:27Z",
  "queryTime" : 0,
  "currentLink" : "https://frost.met.no/observations/v0.jsonld?sources=SN46220&referencetime=2018-02-01%2F2024-12-30&elements=air_temperature%2Csurface_snow_thickness%2Cwind_speed%2Cwind_from_direction%2Crelative_humidity%2Cmax%28wind_speed_of_gust+PT1H%29%2Cmax%28wind_speed+PT1H%29%2Cmin%28air_temperature+PT1H%29%2Cmax%28air_temperature+PT1H%29%2Csum%28duration_of_precipitation+PT1H%29%2Csum%28precipitation_amount+PT1H%29%2Cdew_point_temperature&timeresolutions=PT1H",
  "error" : {
    "code" : 401,
    "message" : "Unauthorized",
    "reason" : "Invalid basic authentication"
  }
}
2024-12-30 18:51:27,239 - ERROR - Kunne ikke hente data
2024-12-30 18:51:49,925 - INFO - Opprettet mappe: data/raw
2024-12-30 18:51:49,926 - INFO - Opprettet mappe: data/analyzed
2024-12-30 18:51:49,926 - INFO - Opprettet mappe: logs
2024-12-30 18:51:49,926 - INFO - Henter data fra 2018-02-01 til 2024-12-30
2024-12-30 18:51:50,146 - ERROR - Error 401: {
  "@context" : "https://frost.met.no/schema",
  "@type" : "ErrorResponse",
  "apiVersion" : "v0",
  "license" : "https://creativecommons.org/licenses/by/3.0/no/",
  "createdAt" : "2024-12-30T17:51:50Z",
  "queryTime" : 0,
  "currentLink" : "https://frost.met.no/observations/v0.jsonld?sources=SN46220&referencetime=2018-02-01%2F2024-12-30&elements=air_temperature%2Csurface_snow_thickness%2Cwind_speed%2Cwind_from_direction%2Crelative_humidity%2Cmax%28wind_speed_of_gust+PT1H%29%2Cmax%28wind_speed+PT1H%29%2Cmin%28air_temperature+PT1H%29%2Cmax%28air_temperature+PT1H%29%2Csum%28duration_of_precipitation+PT1H%29%2Csum%28precipitation_amount+PT1H%29%2Cdew_point_temperature&timeresolutions=PT1H",
  "error" : {
    "code" : 401,
    "message" : "Unauthorized",
    "reason" : "Invalid basic authentication"
  }
}
2024-12-30 18:51:50,147 - ERROR - Kunne ikke hente data
2024-12-30 18:52:27,111 - INFO - Opprettet mappe: data/raw
2024-12-30 18:52:27,112 - INFO - Opprettet mappe: data/analyzed
2024-12-30 18:52:27,112 - INFO - Opprettet mappe: logs
2024-12-30 18:52:27,112 - INFO - Henter data fra 2018-02-01 til 2024-12-30
2024-12-30 18:52:27,315 - ERROR - Error 401: {
  "@context" : "https://frost.met.no/schema",
  "@type" : "ErrorResponse",
  "apiVersion" : "v0",
  "license" : "https://creativecommons.org/licenses/by/3.0/no/",
  "createdAt" : "2024-12-30T17:52:27Z",
  "queryTime" : 0,
  "currentLink" : "https://frost.met.no/observations/v0.jsonld?sources=SN46220&referencetime=2018-02-01%2F2024-12-30&elements=air_temperature%2Csurface_snow_thickness%2Cwind_speed%2Cwind_from_direction%2Crelative_humidity%2Cmax%28wind_speed_of_gust+PT1H%29%2Cmax%28wind_speed+PT1H%29%2Cmin%28air_temperature+PT1H%29%2Cmax%28air_temperature+PT1H%29%2Csum%28duration_of_precipitation+PT1H%29%2Csum%28precipitation_amount+PT1H%29%2Cdew_point_temperature&timeresolutions=PT1H",
  "error" : {
    "code" : 401,
    "message" : "Unauthorized",
    "reason" : "Invalid basic authentication"
  }
}
2024-12-30 18:52:27,315 - ERROR - Kunne ikke hente data
2024-12-30 18:53:05,354 - INFO - Opprettet mappe: data/raw
2024-12-30 18:53:05,355 - INFO - Opprettet mappe: data/analyzed
2024-12-30 18:53:05,355 - INFO - Opprettet mappe: logs
2024-12-30 18:53:05,355 - INFO - Henter data fra 2018-02-01 til 2024-12-30
2024-12-30 18:53:05,355 - INFO - Bruker API-nøkkel: 43fefca2-e097-4f06-8c35-7881d9b2c961
2024-12-30 18:53:05,355 - INFO - API-nøkkel lengde: 36
2024-12-30 18:53:05,355 - INFO - API-nøkkel bytes: b'43fefca2-e097-4f06-8c35-7881d9b2c961'
2024-12-30 18:53:05,556 - ERROR - Error 401: {
  "@context" : "https://frost.met.no/schema",
  "@type" : "ErrorResponse",
  "apiVersion" : "v0",
  "license" : "https://creativecommons.org/licenses/by/3.0/no/",
  "createdAt" : "2024-12-30T17:53:05Z",
  "queryTime" : 0,
  "currentLink" : "https://frost.met.no/observations/v0.jsonld?sources=SN46220&referencetime=2018-02-01%2F2024-12-30&elements=air_temperature%2Csurface_snow_thickness%2Cwind_speed%2Cwind_from_direction%2Crelative_humidity%2Cmax%28wind_speed_of_gust+PT1H%29%2Cmax%28wind_speed+PT1H%29%2Cmin%28air_temperature+PT1H%29%2Cmax%28air_temperature+PT1H%29%2Csum%28duration_of_precipitation+PT1H%29%2Csum%28precipitation_amount+PT1H%29%2Cdew_point_temperature&timeresolutions=PT1H",
  "error" : {
    "code" : 401,
    "message" : "Unauthorized",
    "reason" : "Invalid basic authentication"
  }
}
2024-12-30 18:53:05,556 - ERROR - Kunne ikke hente data
2024-12-30 18:54:07,413 - INFO - Opprettet mappe: data/raw
2024-12-30 18:54:07,413 - INFO - Opprettet mappe: data/analyzed
2024-12-30 18:54:07,413 - INFO - Opprettet mappe: logs
2024-12-30 18:54:07,413 - INFO - Henter data fra 2018-02-01 til 2024-12-30
2024-12-30 18:54:07,413 - INFO - Bruker API-nøkkel: 43fefca2-e097-4f06-8c35-7881d9b2c961
2024-12-30 18:54:07,413 - INFO - API-nøkkel lengde: 36
2024-12-30 18:54:07,413 - INFO - API-nøkkel bytes: b'43fefca2-e097-4f06-8c35-7881d9b2c961'
2024-12-30 18:54:07,683 - ERROR - Error 401: {
  "@context" : "https://frost.met.no/schema",
  "@type" : "ErrorResponse",
  "apiVersion" : "v0",
  "license" : "https://creativecommons.org/licenses/by/3.0/no/",
  "createdAt" : "2024-12-30T17:54:07Z",
  "queryTime" : 0,
  "currentLink" : "https://frost.met.no/observations/v0.jsonld?sources=SN46220&referencetime=2018-02-01%2F2024-12-30&elements=air_temperature%2Csurface_snow_thickness%2Cwind_speed%2Cwind_from_direction%2Crelative_humidity%2Cmax%28wind_speed_of_gust+PT1H%29%2Cmax%28wind_speed+PT1H%29%2Cmin%28air_temperature+PT1H%29%2Cmax%28air_temperature+PT1H%29%2Csum%28duration_of_precipitation+PT1H%29%2Csum%28precipitation_amount+PT1H%29%2Cdew_point_temperature&timeresolutions=PT1H",
  "error" : {
    "code" : 401,
    "message" : "Unauthorized",
    "reason" : "Invalid basic authentication"
  }
}
2024-12-30 18:54:07,683 - ERROR - Kunne ikke hente data
2024-12-30 18:55:00,752 - INFO - Opprettet mappe: data/raw
2024-12-30 18:55:00,752 - INFO - Opprettet mappe: data/analyzed
2024-12-30 18:55:00,752 - INFO - Opprettet mappe: logs
2024-12-30 18:55:00,752 - INFO - Henter data fra 2018-02-01 til 2024-12-30
2024-12-30 18:55:00,752 - INFO - Bruker API-nøkkel: 43fefca2-e097-4f06-8c35-7881d9b2c961
2024-12-30 18:55:00,752 - INFO - API-nøkkel lengde: 36
2024-12-30 18:55:00,752 - INFO - API-nøkkel bytes: b'43fefca2-e097-4f06-8c35-7881d9b2c961'
2024-12-30 18:55:00,958 - ERROR - Error 401: {
  "@context" : "https://frost.met.no/schema",
  "@type" : "ErrorResponse",
  "apiVersion" : "v0",
  "license" : "https://creativecommons.org/licenses/by/3.0/no/",
  "createdAt" : "2024-12-30T17:55:01Z",
  "queryTime" : 0,
  "currentLink" : "https://frost.met.no/observations/v0.jsonld?sources=SN46220&referencetime=2018-02-01%2F2024-12-30&elements=air_temperature%2Csurface_snow_thickness%2Cwind_speed%2Cwind_from_direction%2Crelative_humidity%2Cmax%28wind_speed_of_gust+PT1H%29%2Cmax%28wind_speed+PT1H%29%2Cmin%28air_temperature+PT1H%29%2Cmax%28air_temperature+PT1H%29%2Csum%28duration_of_precipitation+PT1H%29%2Csum%28precipitation_amount+PT1H%29%2Cdew_point_temperature&timeresolutions=PT1H",
  "error" : {
    "code" : 401,
    "message" : "Unauthorized",
    "reason" : "Invalid basic authentication"
  }
}
2024-12-30 18:55:00,958 - ERROR - Kunne ikke hente data
2024-12-30 18:55:07,332 - INFO - Opprettet mappe: data/raw
2024-12-30 18:55:07,332 - INFO - Opprettet mappe: data/analyzed
2024-12-30 18:55:07,332 - INFO - Opprettet mappe: logs
2024-12-30 18:55:07,332 - INFO - Henter data fra 2018-02-01 til 2024-12-30
2024-12-30 18:55:07,332 - INFO - Bruker API-nøkkel: 43fefca2-e097-4f06-8c35-7881d9b2c961
2024-12-30 18:55:07,332 - INFO - API-nøkkel lengde: 36
2024-12-30 18:55:07,332 - INFO - API-nøkkel bytes: b'43fefca2-e097-4f06-8c35-7881d9b2c961'
2024-12-30 18:55:07,578 - ERROR - Error 401: {
  "@context" : "https://frost.met.no/schema",
  "@type" : "ErrorResponse",
  "apiVersion" : "v0",
  "license" : "https://creativecommons.org/licenses/by/3.0/no/",
  "createdAt" : "2024-12-30T17:55:07Z",
  "queryTime" : 0,
  "currentLink" : "https://frost.met.no/observations/v0.jsonld?sources=SN46220&referencetime=2018-02-01%2F2024-12-30&elements=air_temperature%2Csurface_snow_thickness%2Cwind_speed%2Cwind_from_direction%2Crelative_humidity%2Cmax%28wind_speed_of_gust+PT1H%29%2Cmax%28wind_speed+PT1H%29%2Cmin%28air_temperature+PT1H%29%2Cmax%28air_temperature+PT1H%29%2Csum%28duration_of_precipitation+PT1H%29%2Csum%28precipitation_amount+PT1H%29%2Cdew_point_temperature&timeresolutions=PT1H",
  "error" : {
    "code" : 401,
    "message" : "Unauthorized",
    "reason" : "Invalid basic authentication"
  }
}
2024-12-30 18:55:07,579 - ERROR - Kunne ikke hente data
2024-12-30 18:56:25,251 - INFO - Henter data fra 2018-02-01 til 2024-12-30
2024-12-30 18:56:25,251 - INFO - Henter data fra 2018-02-01 til 2024-12-30
2024-12-30 18:56:25,251 - INFO - Bruker API-nøkkel: 43fefca2-e097-4f06-8c35-7881d9b2c961
2024-12-30 18:56:25,251 - INFO - API-nøkkel lengde: 36
2024-12-30 18:56:25,251 - INFO - API-nøkkel bytes: b'43fefca2-e097-4f06-8c35-7881d9b2c961'
2024-12-30 18:56:25,494 - ERROR - Error 401: {
  "@context" : "https://frost.met.no/schema",
  "@type" : "ErrorResponse",
  "apiVersion" : "v0",
  "license" : "https://creativecommons.org/licenses/by/3.0/no/",
  "createdAt" : "2024-12-30T17:56:25Z",
  "queryTime" : 0,
  "currentLink" : "https://frost.met.no/observations/v0.jsonld?sources=SN46220&referencetime=2018-02-01%2F2024-12-30&elements=air_temperature%2Csurface_snow_thickness%2Cwind_speed%2Cwind_from_direction%2Crelative_humidity%2Cmax%28wind_speed_of_gust+PT1H%29%2Cmax%28wind_speed+PT1H%29%2Cmin%28air_temperature+PT1H%29%2Cmax%28air_temperature+PT1H%29%2Csum%28duration_of_precipitation+PT1H%29%2Csum%28precipitation_amount+PT1H%29%2Cdew_point_temperature&timeresolutions=PT1H",
  "error" : {
    "code" : 401,
    "message" : "Unauthorized",
    "reason" : "Invalid basic authentication"
  }
}
2024-12-30 18:56:25,494 - ERROR - Kunne ikke hente data
2024-12-30 18:56:56,751 - INFO - Henter data fra 2018-02-01 til 2024-12-30
2024-12-30 18:56:56,751 - INFO - Henter data fra 2018-02-01 til 2024-12-30
2024-12-30 18:56:56,751 - INFO - Bruker API-nøkkel: 43fefca2-a26b-415b-954d-ba9af37e3e1f
2024-12-30 18:56:56,751 - INFO - API-nøkkel lengde: 36
2024-12-30 18:56:56,751 - INFO - API-nøkkel bytes: b'43fefca2-a26b-415b-954d-ba9af37e3e1f'
2024-12-30 18:56:57,162 - ERROR - Error 403: {
  "@context" : "https://frost.met.no/schema",
  "@type" : "ErrorResponse",
  "apiVersion" : "v0",
  "license" : "https://creativecommons.org/licenses/by/3.0/no/",
  "createdAt" : "2024-12-30T17:56:57Z",
  "queryTime" : 0.183,
  "currentLink" : "https://frost.met.no/observations/v0.jsonld?sources=SN46220&referencetime=2018-02-01%2F2024-12-30&elements=air_temperature%2Csurface_snow_thickness%2Cwind_speed%2Cwind_from_direction%2Crelative_humidity%2Cmax%28wind_speed_of_gust+PT1H%29%2Cmax%28wind_speed+PT1H%29%2Cmin%28air_temperature+PT1H%29%2Cmax%28air_temperature+PT1H%29%2Csum%28duration_of_precipitation+PT1H%29%2Csum%28precipitation_amount+PT1H%29%2Cdew_point_temperature&timeresolutions=PT1H",
  "error" : {
    "code" : 403,
    "message" : "Forbidden",
    "reason" : "The estimated number of observations (726912) exceeds the maximum number allowed (100000)"
  }
}
2024-12-30 18:56:57,163 - ERROR - Kunne ikke hente data
2024-12-30 18:59:00,023 - INFO - Prosesserer vinterperiode 2017-11-01 til 2018-05-01
2024-12-30 18:59:00,023 - INFO - Henter data fra 2017-11-01 til 2017-12-01
2024-12-30 18:59:00,541 - ERROR - Error 412: {
  "@context" : "https://frost.met.no/schema",
  "@type" : "ErrorResponse",
  "apiVersion" : "v0",
  "license" : "https://creativecommons.org/licenses/by/3.0/no/",
  "createdAt" : "2024-12-30T17:59:00Z",
  "queryTime" : 0.236,
  "currentLink" : "https://frost.met.no/observations/v0.jsonld?sources=SN46220&referencetime=2017-11-01%2F2017-12-01&elements=air_temperature%2Csurface_snow_thickness%2Cwind_speed%2Cwind_from_direction%2Crelative_humidity%2Cmax%28wind_speed_of_gust+PT1H%29%2Cmax%28wind_speed+PT1H%29%2Cmin%28air_temperature+PT1H%29%2Cmax%28air_temperature+PT1H%29%2Csum%28duration_of_precipitation+PT1H%29%2Csum%28precipitation_amount+PT1H%29%2Cdew_point_temperature&timeresolutions=PT1H",
  "error" : {
    "code" : 412,
    "message" : "412",
    "reason" : "No time series found for this combination of parameters, check /observations/availableTimeSeries for more information."
  }
}
2024-12-30 18:59:00,541 - WARNING - Kunne ikke hente data for periode 2017-11-01 til 2017-12-01
2024-12-30 18:59:00,541 - INFO - Henter data fra 2017-12-01 til 2017-12-31
2024-12-30 18:59:00,950 - ERROR - Error 412: {
  "@context" : "https://frost.met.no/schema",
  "@type" : "ErrorResponse",
  "apiVersion" : "v0",
  "license" : "https://creativecommons.org/licenses/by/3.0/no/",
  "createdAt" : "2024-12-30T17:59:00Z",
  "queryTime" : 0.179,
  "currentLink" : "https://frost.met.no/observations/v0.jsonld?sources=SN46220&referencetime=2017-12-01%2F2017-12-31&elements=air_temperature%2Csurface_snow_thickness%2Cwind_speed%2Cwind_from_direction%2Crelative_humidity%2Cmax%28wind_speed_of_gust+PT1H%29%2Cmax%28wind_speed+PT1H%29%2Cmin%28air_temperature+PT1H%29%2Cmax%28air_temperature+PT1H%29%2Csum%28duration_of_precipitation+PT1H%29%2Csum%28precipitation_amount+PT1H%29%2Cdew_point_temperature&timeresolutions=PT1H",
  "error" : {
    "code" : 412,
    "message" : "412",
    "reason" : "No time series found for this combination of parameters, check /observations/availableTimeSeries for more information."
  }
}
2024-12-30 18:59:00,950 - WARNING - Kunne ikke hente data for periode 2017-12-01 til 2017-12-31
2024-12-30 18:59:00,950 - INFO - Henter data fra 2017-12-31 til 2018-01-30
2024-12-30 18:59:01,368 - ERROR - Error 412: {
  "@context" : "https://frost.met.no/schema",
  "@type" : "ErrorResponse",
  "apiVersion" : "v0",
  "license" : "https://creativecommons.org/licenses/by/3.0/no/",
  "createdAt" : "2024-12-30T17:59:01Z",
  "queryTime" : 0.188,
  "currentLink" : "https://frost.met.no/observations/v0.jsonld?sources=SN46220&referencetime=2017-12-31%2F2018-01-30&elements=air_temperature%2Csurface_snow_thickness%2Cwind_speed%2Cwind_from_direction%2Crelative_humidity%2Cmax%28wind_speed_of_gust+PT1H%29%2Cmax%28wind_speed+PT1H%29%2Cmin%28air_temperature+PT1H%29%2Cmax%28air_temperature+PT1H%29%2Csum%28duration_of_precipitation+PT1H%29%2Csum%28precipitation_amount+PT1H%29%2Cdew_point_temperature&timeresolutions=PT1H",
  "error" : {
    "code" : 412,
    "message" : "412",
    "reason" : "No time series found for this combination of parameters, check /observations/availableTimeSeries for more information."
  }
}
2024-12-30 18:59:01,368 - WARNING - Kunne ikke hente data for periode 2017-12-31 til 2018-01-30
2024-12-30 18:59:01,368 - INFO - Henter data fra 2018-01-30 til 2018-03-01
2024-12-30 18:59:03,383 - INFO - Hentet data for periode 2018-01-30 til 2018-03-01
2024-12-30 18:59:03,383 - INFO - Henter data fra 2018-03-01 til 2018-03-31
2024-12-30 18:59:05,899 - INFO - Hentet data for periode 2018-03-01 til 2018-03-31
2024-12-30 18:59:05,899 - INFO - Henter data fra 2018-03-31 til 2018-04-30
2024-12-30 18:59:08,565 - INFO - Hentet data for periode 2018-03-31 til 2018-04-30
2024-12-30 18:59:08,567 - INFO - Henter data fra 2018-04-30 til 2018-05-01
2024-12-30 18:59:09,229 - INFO - Hentet data for periode 2018-04-30 til 2018-05-01
2024-12-30 18:59:09,230 - INFO - Prosesserer vinterperiode 2018-11-01 til 2019-05-01
2024-12-30 18:59:09,230 - INFO - Henter data fra 2018-11-01 til 2018-12-01
2024-12-30 18:59:12,337 - INFO - Hentet data for periode 2018-11-01 til 2018-12-01
2024-12-30 18:59:12,338 - INFO - Henter data fra 2018-12-01 til 2018-12-31
2024-12-30 18:59:14,780 - INFO - Hentet data for periode 2018-12-01 til 2018-12-31
2024-12-30 18:59:14,780 - INFO - Henter data fra 2018-12-31 til 2019-01-30
2024-12-30 18:59:17,116 - INFO - Hentet data for periode 2018-12-31 til 2019-01-30
2024-12-30 18:59:17,116 - INFO - Henter data fra 2019-01-30 til 2019-03-01
2024-12-30 18:59:19,423 - INFO - Hentet data for periode 2019-01-30 til 2019-03-01
2024-12-30 18:59:19,424 - INFO - Henter data fra 2019-03-01 til 2019-03-31
2024-12-30 18:59:21,706 - INFO - Hentet data for periode 2019-03-01 til 2019-03-31
2024-12-30 18:59:21,706 - INFO - Henter data fra 2019-03-31 til 2019-04-30
2024-12-30 18:59:24,037 - INFO - Hentet data for periode 2019-03-31 til 2019-04-30
2024-12-30 18:59:24,038 - INFO - Henter data fra 2019-04-30 til 2019-05-01
2024-12-30 18:59:24,713 - INFO - Hentet data for periode 2019-04-30 til 2019-05-01
2024-12-30 18:59:24,713 - INFO - Prosesserer vinterperiode 2019-11-01 til 2020-05-01
2024-12-30 18:59:24,713 - INFO - Henter data fra 2019-11-01 til 2019-12-01
2024-12-30 18:59:27,071 - INFO - Hentet data for periode 2019-11-01 til 2019-12-01
2024-12-30 18:59:27,071 - INFO - Henter data fra 2019-12-01 til 2019-12-31
2024-12-30 18:59:29,858 - INFO - Hentet data for periode 2019-12-01 til 2019-12-31
2024-12-30 18:59:29,858 - INFO - Henter data fra 2019-12-31 til 2020-01-30
2024-12-30 18:59:32,284 - INFO - Hentet data for periode 2019-12-31 til 2020-01-30
2024-12-30 18:59:32,284 - INFO - Henter data fra 2020-01-30 til 2020-02-29
2024-12-30 18:59:34,922 - INFO - Hentet data for periode 2020-01-30 til 2020-02-29
2024-12-30 18:59:34,922 - INFO - Henter data fra 2020-02-29 til 2020-03-30
2024-12-30 18:59:37,118 - INFO - Hentet data for periode 2020-02-29 til 2020-03-30
2024-12-30 18:59:37,119 - INFO - Henter data fra 2020-03-30 til 2020-04-29
2024-12-30 18:59:39,778 - INFO - Hentet data for periode 2020-03-30 til 2020-04-29
2024-12-30 18:59:39,778 - INFO - Henter data fra 2020-04-29 til 2020-05-01
2024-12-30 18:59:40,384 - INFO - Hentet data for periode 2020-04-29 til 2020-05-01
2024-12-30 18:59:40,384 - INFO - Prosesserer vinterperiode 2020-11-01 til 2021-05-01
2024-12-30 18:59:40,385 - INFO - Henter data fra 2020-11-01 til 2020-12-01
2024-12-30 18:59:42,643 - INFO - Hentet data for periode 2020-11-01 til 2020-12-01
2024-12-30 18:59:42,643 - INFO - Henter data fra 2020-12-01 til 2020-12-31
2024-12-30 18:59:44,998 - INFO - Hentet data for periode 2020-12-01 til 2020-12-31
2024-12-30 18:59:44,998 - INFO - Henter data fra 2020-12-31 til 2021-01-30
2024-12-30 18:59:47,428 - INFO - Hentet data for periode 2020-12-31 til 2021-01-30
2024-12-30 18:59:47,429 - INFO - Henter data fra 2021-01-30 til 2021-03-01
2024-12-30 18:59:50,151 - INFO - Hentet data for periode 2021-01-30 til 2021-03-01
2024-12-30 18:59:50,151 - INFO - Henter data fra 2021-03-01 til 2021-03-31
2024-12-30 18:59:52,516 - INFO - Hentet data for periode 2021-03-01 til 2021-03-31
2024-12-30 18:59:52,517 - INFO - Henter data fra 2021-03-31 til 2021-04-30
2024-12-30 18:59:55,859 - INFO - Hentet data for periode 2021-03-31 til 2021-04-30
2024-12-30 18:59:55,859 - INFO - Henter data fra 2021-04-30 til 2021-05-01
2024-12-30 18:59:56,335 - INFO - Hentet data for periode 2021-04-30 til 2021-05-01
2024-12-30 18:59:56,335 - INFO - Prosesserer vinterperiode 2021-11-01 til 2022-05-01
2024-12-30 18:59:56,335 - INFO - Henter data fra 2021-11-01 til 2021-12-01
2024-12-30 18:59:58,597 - INFO - Hentet data for periode 2021-11-01 til 2021-12-01
2024-12-30 18:59:58,597 - INFO - Henter data fra 2021-12-01 til 2021-12-31
2024-12-30 19:00:02,784 - INFO - Hentet data for periode 2021-12-01 til 2021-12-31
2024-12-30 19:00:02,784 - INFO - Henter data fra 2021-12-31 til 2022-01-30
2024-12-30 19:00:05,206 - INFO - Hentet data for periode 2021-12-31 til 2022-01-30
2024-12-30 19:00:05,206 - INFO - Henter data fra 2022-01-30 til 2022-03-01
2024-12-30 19:00:08,091 - INFO - Hentet data for periode 2022-01-30 til 2022-03-01
2024-12-30 19:00:08,092 - INFO - Henter data fra 2022-03-01 til 2022-03-31
2024-12-30 19:00:10,580 - INFO - Hentet data for periode 2022-03-01 til 2022-03-31
2024-12-30 19:00:10,581 - INFO - Henter data fra 2022-03-31 til 2022-04-30
2024-12-30 19:00:13,590 - INFO - Hentet data for periode 2022-03-31 til 2022-04-30
2024-12-30 19:00:13,590 - INFO - Henter data fra 2022-04-30 til 2022-05-01
2024-12-30 19:00:14,284 - INFO - Hentet data for periode 2022-04-30 til 2022-05-01
2024-12-30 19:00:14,284 - INFO - Prosesserer vinterperiode 2022-11-01 til 2023-05-01
2024-12-30 19:00:14,285 - INFO - Henter data fra 2022-11-01 til 2022-12-01
2024-12-30 19:00:17,246 - INFO - Hentet data for periode 2022-11-01 til 2022-12-01
2024-12-30 19:00:17,246 - INFO - Henter data fra 2022-12-01 til 2022-12-31
2024-12-30 19:00:19,568 - INFO - Hentet data for periode 2022-12-01 til 2022-12-31
2024-12-30 19:00:19,568 - INFO - Henter data fra 2022-12-31 til 2023-01-30
2024-12-30 19:00:22,265 - INFO - Hentet data for periode 2022-12-31 til 2023-01-30
2024-12-30 19:00:22,266 - INFO - Henter data fra 2023-01-30 til 2023-03-01
2024-12-30 19:00:24,945 - INFO - Hentet data for periode 2023-01-30 til 2023-03-01
2024-12-30 19:00:24,946 - INFO - Henter data fra 2023-03-01 til 2023-03-31
2024-12-30 19:00:27,434 - INFO - Hentet data for periode 2023-03-01 til 2023-03-31
2024-12-30 19:00:27,435 - INFO - Henter data fra 2023-03-31 til 2023-04-30
2024-12-30 19:00:29,874 - INFO - Hentet data for periode 2023-03-31 til 2023-04-30
2024-12-30 19:00:29,876 - INFO - Henter data fra 2023-04-30 til 2023-05-01
2024-12-30 19:00:30,458 - INFO - Hentet data for periode 2023-04-30 til 2023-05-01
2024-12-30 19:00:30,458 - INFO - Prosesserer vinterperiode 2023-11-01 til 2024-05-01
2024-12-30 19:00:30,458 - INFO - Henter data fra 2023-11-01 til 2023-12-01
2024-12-30 19:00:33,312 - INFO - Hentet data for periode 2023-11-01 til 2023-12-01
2024-12-30 19:00:33,313 - INFO - Henter data fra 2023-12-01 til 2023-12-31
2024-12-30 19:00:35,561 - INFO - Hentet data for periode 2023-12-01 til 2023-12-31
2024-12-30 19:00:35,561 - INFO - Henter data fra 2023-12-31 til 2024-01-30
2024-12-30 19:00:38,320 - INFO - Hentet data for periode 2023-12-31 til 2024-01-30
2024-12-30 19:00:38,321 - INFO - Henter data fra 2024-01-30 til 2024-02-29
2024-12-30 19:00:40,725 - INFO - Hentet data for periode 2024-01-30 til 2024-02-29
2024-12-30 19:00:40,725 - INFO - Henter data fra 2024-02-29 til 2024-03-30
2024-12-30 19:00:43,070 - INFO - Hentet data for periode 2024-02-29 til 2024-03-30
2024-12-30 19:00:43,071 - INFO - Henter data fra 2024-03-30 til 2024-04-29
2024-12-30 19:00:45,672 - INFO - Hentet data for periode 2024-03-30 til 2024-04-29
2024-12-30 19:00:45,672 - INFO - Henter data fra 2024-04-29 til 2024-05-01
2024-12-30 19:00:46,248 - INFO - Hentet data for periode 2024-04-29 til 2024-05-01
2024-12-30 19:00:46,375 - INFO - Rådata lagret til data/raw/historical_data.csv
