2024-12-30 19:06:16,331 - INFO - Laster værdata...
2024-12-30 19:06:16,403 - INFO - Datasett lastet: 54610 rader
2024-12-30 19:06:16,404 - INFO - Analyserer vindforhold...
2024-12-30 19:06:16,411 - INFO - Analyserer temperaturforhold...
2024-12-30 19:06:16,425 - INFO - Analyserer luftfuktighet...
2024-12-30 19:06:16,429 - INFO - Identifiserer sannsynlige snøfokkperioder...
2024-12-30 19:06:16,435 - INFO - Fant 6859 timer med sannsynlig snøfokk
2024-12-30 19:06:16,435 - INFO - Genererer visualiseringer...
2024-12-30 19:06:17,540 - INFO - 
Analyseresultater for snøfokk:
2024-12-30 19:06:17,540 - INFO - Optimal vindterskel: 4 m/s
2024-12-30 19:06:17,540 - INFO - Optimal temperaturterskel: 4.5°C
2024-12-30 19:06:17,540 - INFO - Optimal luftfuktighetsterskel: 30%
2024-12-30 19:06:17,541 - INFO - Totalt antall timer med sannsynlig snøfokk: 6859
2024-12-30 19:06:57,311 - INFO - Laster værdata...
2024-12-30 19:06:57,342 - INFO - Datasett lastet: 54610 rader
2024-12-30 19:06:57,342 - INFO - Analyserer vindforhold...
2024-12-30 19:06:57,346 - INFO - Analyserer temperaturforhold...
2024-12-30 19:06:57,357 - INFO - Analyserer luftfuktighet...
2024-12-30 19:06:57,369 - INFO - Identifiserer sannsynlige snøfokkperioder...
2024-12-30 19:06:57,373 - INFO - Fant 1385 timer med sannsynlig snøfokk
2024-12-30 19:06:57,373 - INFO - Genererer visualiseringer...
2024-12-30 19:06:57,832 - INFO - 
Analyseresultater for snøfokk:
2024-12-30 19:06:57,832 - INFO - Optimal vindterskel: 6 m/s
2024-12-30 19:06:57,832 - INFO - Optimal temperaturterskel: -0.5°C
2024-12-30 19:06:57,832 - INFO - Optimal luftfuktighetsterskel: 60%
2024-12-30 19:06:57,832 - INFO - Totalt antall timer med sannsynlig snøfokk: 1385
2024-12-30 19:08:54,877 - INFO - Laster værdata...
2024-12-30 19:08:54,911 - INFO - Datasett lastet: 54610 rader
2024-12-30 19:08:54,911 - INFO - Analyserer vindforhold...
2024-12-30 19:08:54,919 - INFO - Analyserer temperaturforhold...
2024-12-30 19:08:54,935 - INFO - Analyserer luftfuktighet...
2024-12-30 19:08:54,940 - INFO - Identifiserer sannsynlige snøfokkperioder...
2024-12-30 19:08:54,943 - INFO - Fant 681 timer med sannsynlig snøfokk
2024-12-30 19:08:54,943 - INFO - Genererer visualiseringer...
2024-12-30 19:08:55,381 - INFO - 
Analyseresultater for snøfokk:
2024-12-30 19:08:55,381 - INFO - Optimal vindterskel: 6 m/s
2024-12-30 19:08:55,381 - INFO - Optimal temperaturterskel: -0.5°C
2024-12-30 19:08:55,381 - INFO - Optimal luftfuktighetsterskel: 70%
2024-12-30 19:08:55,381 - INFO - Totalt antall timer med sannsynlig snøfokk: 681
2024-12-30 19:10:33,931 - INFO - Laster værdata...
2024-12-30 19:10:33,971 - INFO - Datasett lastet: 54610 rader
2024-12-30 19:10:33,971 - INFO - Analyserer vindforhold...
2024-12-30 19:10:33,976 - INFO - Analyserer temperaturforhold...
2024-12-30 19:10:33,987 - INFO - Analyserer luftfuktighet...
2024-12-30 19:10:33,990 - INFO - Identifiserer sannsynlige snøfokkperioder...
2024-12-30 19:10:33,993 - INFO - Fant 513 timer med sannsynlig snøfokk
2024-12-30 19:10:33,994 - INFO - Snødybdestatistikk for snøfokkperioder:
2024-12-30 19:10:33,994 - INFO - Gjennomsnittlig snødybde: 45.4 cm
2024-12-30 19:10:33,994 - INFO - Minimum snødybde: 5.0 cm
2024-12-30 19:10:33,994 - INFO - Maksimum snødybde: 119.0 cm
2024-12-30 19:10:33,994 - INFO - Genererer visualiseringer...
2024-12-30 19:10:34,606 - INFO - 
Analyseresultater for snøfokk:
2024-12-30 19:10:34,606 - INFO - Optimal vindterskel: 6 m/s
2024-12-30 19:10:34,606 - INFO - Optimal temperaturterskel: -0.5°C
2024-12-30 19:10:34,606 - INFO - Optimal luftfuktighetsterskel: 70%
2024-12-30 19:10:34,606 - INFO - Totalt antall timer med sannsynlig snøfokk: 513
2024-12-30 19:12:38,327 - INFO - Laster værdata...
2024-12-30 19:12:38,363 - INFO - Datasett lastet: 54610 rader
2024-12-30 19:12:38,363 - INFO - Analyserer vindforhold...
2024-12-30 19:12:38,369 - INFO - Analyserer temperaturforhold...
2024-12-30 19:12:38,379 - INFO - Analyserer luftfuktighet...
2024-12-30 19:12:38,382 - INFO - Identifiserer sannsynlige snøfokkperioder...
2024-12-30 19:12:38,385 - ERROR - En feil oppstod under analysen: 'max(wind_speed_of_gust PT1H)'
2024-12-30 19:13:10,504 - INFO - Laster værdata...
2024-12-30 19:13:10,680 - INFO - Datasett lastet: 54610 rader
2024-12-30 19:13:10,680 - INFO - Analyserer vindforhold...
2024-12-30 19:13:10,685 - INFO - Analyserer temperaturforhold...
2024-12-30 19:13:10,703 - INFO - Analyserer luftfuktighet...
2024-12-30 19:13:10,711 - INFO - Identifiserer sannsynlige snøfokkperioder...
2024-12-30 19:13:10,719 - INFO - 
Statistikk for snøfokkperioder:
2024-12-30 19:13:10,719 - INFO - Gjennomsnittlig vindstyrke: 10.8 m/s
2024-12-30 19:13:10,719 - INFO - Maksimal vindkast: 29.1 m/s
2024-12-30 19:13:10,719 - INFO - Gjennomsnittlig temperatur: -6.2°C
2024-12-30 19:13:10,719 - INFO - Gjennomsnittlig snødybde: 48.0 cm
2024-12-30 19:13:10,719 - INFO - Gjennomsnittlig snøendring: 0.53 cm
2024-12-30 19:13:10,719 - INFO - Gjennomsnittlig risikoscore: 0.76
2024-12-30 19:13:10,719 - INFO - Gjennomsnittlig vindretningsendring: 5.6°
2024-12-30 19:13:10,719 - INFO - Fant 264 timer med sannsynlig snøfokk
2024-12-30 19:13:10,720 - INFO - Genererer visualiseringer...
2024-12-30 19:13:11,362 - INFO - 
Analyseresultater for snøfokk:
2024-12-30 19:13:11,363 - INFO - Optimal vindterskel: 6 m/s
2024-12-30 19:13:11,363 - INFO - Optimal temperaturterskel: -0.5°C
2024-12-30 19:13:11,363 - INFO - Optimal luftfuktighetsterskel: 70%
2024-12-30 19:13:11,363 - INFO - Totalt antall timer med sannsynlig snøfokk: 264
2024-12-30 19:17:28,942 - INFO - Laster værdata...
2024-12-30 19:17:28,979 - INFO - Datasett lastet: 54610 rader
2024-12-30 19:17:28,979 - INFO - Analyserer vindforhold...
2024-12-30 19:17:28,983 - INFO - Analyserer temperaturforhold...
2024-12-30 19:17:28,994 - INFO - Analyserer luftfuktighet...
2024-12-30 19:17:28,998 - INFO - Identifiserer sannsynlige snøfokkperioder...
2024-12-30 19:17:29,006 - INFO - 
Statistikk for snøfokkperioder:
2024-12-30 19:17:29,007 - INFO - Gjennomsnittlig vindstyrke: 10.9 m/s
2024-12-30 19:17:29,008 - INFO - Maksimal vindkast: 29.1 m/s
2024-12-30 19:17:29,009 - INFO - Gjennomsnittlig temperatur: -6.4°C
2024-12-30 19:17:29,009 - INFO - Gjennomsnittlig snødybde: 50.7 cm
2024-12-30 19:17:29,010 - INFO - Gjennomsnittlig snøendring: 0.55 cm
2024-12-30 19:17:29,010 - INFO - Gjennomsnittlig risikoscore: 0.76
2024-12-30 19:17:29,010 - INFO - Gjennomsnittlig vindretningsendring: 5.7°
2024-12-30 19:17:29,011 - INFO - Fant 248 timer med sannsynlig snøfokk
2024-12-30 19:17:29,011 - INFO - Genererer visualiseringer...
2024-12-30 19:17:29,618 - INFO - 
Analyseresultater for snøfokk:
2024-12-30 19:17:29,619 - INFO - Optimal vindterskel: 6 m/s
2024-12-30 19:17:29,619 - INFO - Optimal temperaturterskel: -0.5°C
2024-12-30 19:17:29,619 - INFO - Optimal luftfuktighetsterskel: 70%
2024-12-30 19:17:29,619 - INFO - Totalt antall timer med sannsynlig snøfokk: 248
