2024-11-02 17:10:57,221 - snow_constants - INFO - === Start snødybdeprosessering ===
2024-11-02 17:10:57,222 - snow_constants - INFO - Inndata: 4344 målinger
2024-11-02 17:10:57,223 - snow_constants - INFO - Prosessering fullført. Utdata: 4344 målinger
2024-11-02 17:10:57,223 - snow_constants - INFO - === Slutt snødybdeprosessering ===
2024-11-02 17:11:21,211 - snow_constants - INFO - === Start snødybdeprosessering ===
2024-11-02 17:11:21,211 - snow_constants - INFO - Inndata: 4344 målinger
2024-11-02 17:11:21,262 - snow_constants - INFO - Prosessering fullført. Utdata: 4344 målinger
2024-11-02 17:11:21,263 - snow_constants - INFO - === Slutt snødybdeprosessering ===
2024-11-02 17:11:21,756 - snow_constants - INFO - === Start snødybdeprosessering ===
2024-11-02 17:11:21,758 - snow_constants - INFO - Inndata: 4344 målinger
2024-11-02 17:11:21,764 - snow_constants - INFO - Prosessering fullført. Utdata: 4344 målinger
2024-11-02 17:11:21,765 - snow_constants - INFO - === Slutt snødybdeprosessering ===
2024-11-02 17:28:53,253 - snow_constants - INFO - === Start snødybdeprosessering ===
2024-11-02 17:28:53,253 - snow_constants - INFO - Inndata: 4344 målinger
2024-11-02 17:28:53,254 - snow_constants - INFO - Prosessering fullført. Utdata: 4344 målinger
2024-11-02 17:28:53,255 - snow_constants - INFO - === Slutt snødybdeprosessering ===
2024-11-02 17:29:17,591 - snow_constants - INFO - === Start snødybdeprosessering ===
2024-11-02 17:29:17,591 - snow_constants - INFO - Inndata: 4344 målinger
2024-11-02 17:29:17,601 - snow_constants - INFO - Prosessering fullført. Utdata: 4344 målinger
2024-11-02 17:29:17,601 - snow_constants - INFO - === Slutt snødybdeprosessering ===
2024-11-02 17:29:19,584 - snow_constants - INFO - === Start snødybdeprosessering ===
2024-11-02 17:29:19,584 - snow_constants - INFO - Inndata: 4344 målinger
2024-11-02 17:29:19,586 - snow_constants - INFO - Prosessering fullført. Utdata: 4344 målinger
2024-11-02 17:29:19,586 - snow_constants - INFO - === Slutt snødybdeprosessering ===
2024-11-02 18:45:24,134 - snow_constants - INFO - === Start snødybdeprosessering ===
2024-11-02 18:45:24,134 - snow_constants - INFO - Inndata: 4344 målinger
2024-11-02 18:45:24,138 - snow_constants - INFO - === Start snødybdeprosessering ===
2024-11-02 18:45:24,138 - snow_constants - INFO - === Start snødybdeprosessering ===
2024-11-02 18:45:24,139 - snow_constants - INFO - Inndata: 4344 målinger
2024-11-02 18:45:24,139 - snow_constants - INFO - Inndata: 4344 målinger
2024-11-02 18:45:24,140 - snow_constants - INFO - Prosessering fullført. Utdata: 4344 målinger
2024-11-02 18:45:24,141 - snow_constants - INFO - === Slutt snødybdeprosessering ===
2024-11-02 18:45:24,142 - snow_constants - INFO - Prosessering fullført. Utdata: 4344 målinger
2024-11-02 18:45:24,142 - snow_constants - INFO - Prosessering fullført. Utdata: 4344 målinger
2024-11-02 18:45:24,144 - snow_constants - INFO - === Slutt snødybdeprosessering ===
2024-11-02 18:45:24,145 - snow_constants - INFO - === Slutt snødybdeprosessering ===
2024-11-02 18:45:44,359 - snow_constants - INFO - === Start snødybdeprosessering ===
2024-11-02 18:45:44,359 - snow_constants - INFO - Inndata: 4344 målinger
2024-11-02 18:45:44,360 - snow_constants - INFO - Prosessering fullført. Utdata: 4344 målinger
2024-11-02 18:45:44,360 - snow_constants - INFO - === Slutt snødybdeprosessering ===
2024-11-02 18:47:05,290 - snow_constants - INFO - === Start snødybdeprosessering ===
2024-11-02 18:47:05,291 - snow_constants - INFO - Inndata: 4344 målinger
2024-11-02 18:47:05,293 - snow_constants - INFO - Prosessering fullført. Utdata: 4344 målinger
2024-11-02 18:47:05,293 - snow_constants - INFO - === Slutt snødybdeprosessering ===
2024-11-02 19:15:04,048 - snow_constants - INFO - === Start snødybdeprosessering ===
2024-11-02 19:15:04,048 - snow_constants - INFO - Inndata: 4344 målinger
2024-11-02 19:15:04,051 - snow_constants - INFO - Prosessering fullført. Utdata: 4344 målinger
2024-11-02 19:15:04,051 - snow_constants - INFO - === Slutt snødybdeprosessering ===
2024-11-02 19:15:22,634 - snow_constants - INFO - === Start snødybdeprosessering ===
2024-11-02 19:15:22,635 - snow_constants - INFO - Inndata: 4344 målinger
2024-11-02 19:15:22,640 - snow_constants - INFO - Prosessering fullført. Utdata: 4344 målinger
2024-11-02 19:15:22,641 - snow_constants - INFO - === Slutt snødybdeprosessering ===
2024-11-02 19:25:44,806 - snow_constants - INFO - === Start snødybdeprosessering ===
2024-11-02 19:25:44,807 - snow_constants - INFO - Inndata: 4344 målinger
2024-11-02 19:25:44,809 - snow_constants - INFO - Prosessering fullført. Utdata: 4344 målinger
2024-11-02 19:25:44,809 - snow_constants - INFO - === Slutt snødybdeprosessering ===
2024-11-02 19:26:46,512 - snow_constants - INFO - === Start snødybdeprosessering ===
2024-11-02 19:26:46,512 - snow_constants - INFO - Inndata: 4344 målinger
2024-11-02 19:26:46,514 - snow_constants - INFO - Prosessering fullført. Utdata: 4344 målinger
2024-11-02 19:26:46,514 - snow_constants - INFO - === Slutt snødybdeprosessering ===
2024-11-02 19:37:21,846 - snow_constants - INFO - === Start snødybdeprosessering ===
2024-11-02 19:37:21,846 - snow_constants - INFO - Inndata: 4344 målinger
2024-11-02 19:37:21,848 - snow_constants - INFO - Prosessering fullført. Utdata: 4344 målinger
2024-11-02 19:37:21,848 - snow_constants - INFO - === Slutt snødybdeprosessering ===
2024-11-02 19:37:37,179 - snow_constants - INFO - === Start snødybdeprosessering ===
2024-11-02 19:37:37,180 - snow_constants - INFO - Inndata: 4344 målinger
2024-11-02 19:37:37,188 - snow_constants - INFO - Prosessering fullført. Utdata: 4344 målinger
2024-11-02 19:37:37,188 - snow_constants - INFO - === Slutt snødybdeprosessering ===
2024-11-02 19:37:38,106 - snow_constants - INFO - === Start snødybdeprosessering ===
2024-11-02 19:37:38,107 - snow_constants - INFO - Inndata: 4344 målinger
2024-11-02 19:37:38,109 - snow_constants - INFO - Prosessering fullført. Utdata: 4344 målinger
2024-11-02 19:37:38,109 - snow_constants - INFO - === Slutt snødybdeprosessering ===
2024-11-02 19:38:27,396 - snow_constants - INFO - === Start snødybdeprosessering ===
2024-11-02 19:38:27,396 - snow_constants - INFO - Inndata: 4344 målinger
2024-11-02 19:38:27,400 - snow_constants - INFO - Prosessering fullført. Utdata: 4344 målinger
2024-11-02 19:38:27,400 - snow_constants - INFO - === Slutt snødybdeprosessering ===
2024-11-02 19:38:45,512 - snow_constants - INFO - === Start snødybdeprosessering ===
2024-11-02 19:38:45,513 - snow_constants - INFO - Inndata: 4344 målinger
2024-11-02 19:38:45,527 - snow_constants - INFO - Prosessering fullført. Utdata: 4344 målinger
2024-11-02 19:38:45,528 - snow_constants - INFO - === Slutt snødybdeprosessering ===
2024-11-02 19:40:06,800 - snow_constants - INFO - === Start snødybdeprosessering ===
2024-11-02 19:40:06,801 - snow_constants - INFO - === Start snødybdeprosessering ===
2024-11-02 19:40:06,801 - snow_constants - INFO - Inndata: 4344 målinger
2024-11-02 19:40:06,801 - snow_constants - INFO - === Start snødybdeprosessering ===
2024-11-02 19:40:06,802 - snow_constants - INFO - Inndata: 4344 målinger
2024-11-02 19:40:06,803 - snow_constants - INFO - Inndata: 4344 målinger
2024-11-02 19:40:06,807 - snow_constants - INFO - Prosessering fullført. Utdata: 4344 målinger
2024-11-02 19:40:06,807 - snow_constants - INFO - === Slutt snødybdeprosessering ===
2024-11-02 19:40:06,807 - snow_constants - INFO - Prosessering fullført. Utdata: 4344 målinger
2024-11-02 19:40:06,807 - snow_constants - INFO - Prosessering fullført. Utdata: 4344 målinger
2024-11-02 19:40:06,808 - snow_constants - INFO - === Slutt snødybdeprosessering ===
2024-11-02 19:40:06,808 - snow_constants - INFO - === Slutt snødybdeprosessering ===
2024-11-02 19:40:12,670 - snow_constants - INFO - === Start snødybdeprosessering ===
2024-11-02 19:40:12,671 - snow_constants - INFO - Inndata: 4344 målinger
2024-11-02 19:40:12,673 - snow_constants - INFO - Prosessering fullført. Utdata: 4344 målinger
2024-11-02 19:40:12,673 - snow_constants - INFO - === Slutt snødybdeprosessering ===
2024-11-02 19:50:30,574 - snow_constants - INFO - === Start snødybdeprosessering ===
2024-11-02 19:50:30,576 - snow_constants - INFO - Inndata: 4344 målinger
2024-11-02 19:50:30,588 - snow_constants - INFO - Prosessering fullført. Utdata: 4344 målinger
2024-11-02 19:50:30,602 - snow_constants - INFO - === Slutt snødybdeprosessering ===
2024-11-02 19:50:30,769 - snow_constants - INFO - === Start snødybdeprosessering ===
2024-11-02 19:50:30,777 - snow_constants - INFO - Inndata: 4344 målinger
2024-11-02 19:50:30,788 - snow_constants - INFO - Prosessering fullført. Utdata: 4344 målinger
2024-11-02 19:50:30,790 - snow_constants - INFO - === Slutt snødybdeprosessering ===
2024-11-02 21:38:41,560 - snow_constants - INFO - === Start snødybdeprosessering ===
2024-11-02 21:38:41,560 - snow_constants - INFO - Inndata: 4344 målinger
2024-11-02 21:38:41,564 - snow_constants - INFO - Prosessering fullført. Utdata: 4344 målinger
2024-11-02 21:38:41,564 - snow_constants - INFO - === Slutt snødybdeprosessering ===
2024-11-02 21:45:31,768 - snow_constants - INFO - === Start snødybdeprosessering ===
2024-11-02 21:45:31,768 - snow_constants - INFO - === Start snødybdeprosessering ===
2024-11-02 21:45:31,769 - snow_constants - INFO - Inndata: 4344 målinger
2024-11-02 21:45:31,769 - snow_constants - INFO - Inndata: 4344 målinger
2024-11-02 21:45:31,773 - snow_constants - INFO - === Start snødybdeprosessering ===
2024-11-02 21:45:31,773 - snow_constants - INFO - Prosessering fullført. Utdata: 4344 målinger
2024-11-02 21:45:31,773 - snow_constants - INFO - Prosessering fullført. Utdata: 4344 målinger
2024-11-02 21:45:31,774 - snow_constants - INFO - Inndata: 4344 målinger
2024-11-02 21:45:31,774 - snow_constants - INFO - === Slutt snødybdeprosessering ===
2024-11-02 21:45:31,774 - snow_constants - INFO - === Slutt snødybdeprosessering ===
2024-11-02 21:45:31,782 - snow_constants - INFO - Prosessering fullført. Utdata: 4344 målinger
2024-11-02 21:45:31,782 - snow_constants - INFO - === Slutt snødybdeprosessering ===
2024-11-02 21:49:31,366 - snow_constants - INFO - === Start snødybdeprosessering ===
2024-11-02 21:49:31,367 - snow_constants - INFO - Inndata: 4344 målinger
2024-11-02 21:49:31,370 - snow_constants - INFO - === Start snødybdeprosessering ===
2024-11-02 21:49:31,372 - snow_constants - INFO - Prosessering fullført. Utdata: 4344 målinger
2024-11-02 21:49:31,373 - snow_constants - INFO - Inndata: 4344 målinger
2024-11-02 21:49:31,373 - snow_constants - INFO - === Start snødybdeprosessering ===
2024-11-02 21:49:31,373 - snow_constants - INFO - === Slutt snødybdeprosessering ===
2024-11-02 21:49:31,374 - snow_constants - INFO - Inndata: 4344 målinger
2024-11-02 21:49:31,377 - snow_constants - INFO - Prosessering fullført. Utdata: 4344 målinger
2024-11-02 21:49:31,377 - snow_constants - INFO - Prosessering fullført. Utdata: 4344 målinger
2024-11-02 21:49:31,377 - snow_constants - INFO - === Slutt snødybdeprosessering ===
2024-11-02 21:49:31,378 - snow_constants - INFO - === Slutt snødybdeprosessering ===
2024-11-02 21:50:30,622 - snow_constants - INFO - === Start snødybdeprosessering ===
2024-11-02 21:50:30,624 - snow_constants - INFO - Inndata: 4344 målinger
2024-11-02 21:50:30,650 - snow_constants - INFO - Prosessering fullført. Utdata: 4344 målinger
2024-11-02 21:50:30,650 - snow_constants - INFO - === Slutt snødybdeprosessering ===
2024-11-02 21:54:57,014 - snow_constants - ERROR - Feil i snødatabehandling: name 'PARAMETER_BOUNDS' is not defined
Traceback (most recent call last):
  File "/Users/tor.inge.jossang@aftenbladet.no/dev/alarm-test/snow_constants.py", line 37, in wrapper
    result = func(*args, **kwargs)
  File "/Users/tor.inge.jossang@aftenbladet.no/dev/alarm-test/snofokk.py", line 324, in calculate_snow_drift_risk
    if param in PARAMETER_BOUNDS:
NameError: name 'PARAMETER_BOUNDS' is not defined
2024-11-02 21:54:57,017 - snow_constants - ERROR - Feil i snødatabehandling: name 'PARAMETER_BOUNDS' is not defined
Traceback (most recent call last):
  File "/Users/tor.inge.jossang@aftenbladet.no/dev/alarm-test/snow_constants.py", line 37, in wrapper
    result = func(*args, **kwargs)
  File "/Users/tor.inge.jossang@aftenbladet.no/dev/alarm-test/snofokk.py", line 324, in calculate_snow_drift_risk
    if param in PARAMETER_BOUNDS:
NameError: name 'PARAMETER_BOUNDS' is not defined
2024-11-02 21:54:57,017 - snow_constants - ERROR - Feil i snødatabehandling: name 'PARAMETER_BOUNDS' is not defined
Traceback (most recent call last):
  File "/Users/tor.inge.jossang@aftenbladet.no/dev/alarm-test/snow_constants.py", line 37, in wrapper
    result = func(*args, **kwargs)
  File "/Users/tor.inge.jossang@aftenbladet.no/dev/alarm-test/snofokk.py", line 324, in calculate_snow_drift_risk
    if param in PARAMETER_BOUNDS:
NameError: name 'PARAMETER_BOUNDS' is not defined
2024-11-02 21:59:37,695 - snow_constants - INFO - === Start snødybdeprosessering ===
2024-11-02 21:59:37,695 - snow_constants - INFO - === Start snødybdeprosessering ===
2024-11-02 21:59:37,695 - snow_constants - INFO - Inndata: 4344 målinger
2024-11-02 21:59:37,695 - snow_constants - INFO - Inndata: 4344 målinger
2024-11-02 21:59:37,704 - snow_constants - INFO - Prosessering fullført. Utdata: 4344 målinger
2024-11-02 21:59:37,704 - snow_constants - INFO - Prosessering fullført. Utdata: 4344 målinger
2024-11-02 21:59:37,704 - snow_constants - INFO - === Slutt snødybdeprosessering ===
2024-11-02 21:59:37,704 - snow_constants - INFO - === Slutt snødybdeprosessering ===
2024-11-02 22:00:35,625 - snow_constants - INFO - === Start snødybdeprosessering ===
2024-11-02 22:00:35,625 - snow_constants - INFO - === Start snødybdeprosessering ===
2024-11-02 22:00:35,626 - snow_constants - INFO - Inndata: 4344 målinger
2024-11-02 22:00:35,626 - snow_constants - INFO - Inndata: 4344 målinger
2024-11-02 22:00:35,628 - snow_constants - INFO - Prosessering fullført. Utdata: 4344 målinger
2024-11-02 22:00:35,628 - snow_constants - INFO - Prosessering fullført. Utdata: 4344 målinger
2024-11-02 22:00:35,629 - snow_constants - INFO - === Slutt snødybdeprosessering ===
2024-11-02 22:00:35,629 - snow_constants - INFO - === Slutt snødybdeprosessering ===
2024-11-02 22:00:41,634 - snow_constants - INFO - === Start snødybdeprosessering ===
2024-11-02 22:00:41,634 - snow_constants - INFO - === Start snødybdeprosessering ===
2024-11-02 22:00:41,634 - snow_constants - INFO - Inndata: 4344 målinger
2024-11-02 22:00:41,634 - snow_constants - INFO - Inndata: 4344 målinger
2024-11-02 22:00:41,635 - snow_constants - INFO - Prosessering fullført. Utdata: 4344 målinger
2024-11-02 22:00:41,635 - snow_constants - INFO - Prosessering fullført. Utdata: 4344 målinger
2024-11-02 22:00:41,635 - snow_constants - INFO - === Slutt snødybdeprosessering ===
2024-11-02 22:00:41,635 - snow_constants - INFO - === Slutt snødybdeprosessering ===
2024-11-02 22:00:45,664 - snow_constants - INFO - === Start snødybdeprosessering ===
2024-11-02 22:00:45,664 - snow_constants - INFO - === Start snødybdeprosessering ===
2024-11-02 22:00:45,665 - snow_constants - INFO - Inndata: 4344 målinger
2024-11-02 22:00:45,665 - snow_constants - INFO - Inndata: 4344 målinger
2024-11-02 22:00:45,666 - snow_constants - INFO - Prosessering fullført. Utdata: 4344 målinger
2024-11-02 22:00:45,666 - snow_constants - INFO - Prosessering fullført. Utdata: 4344 målinger
2024-11-02 22:00:45,666 - snow_constants - INFO - === Slutt snødybdeprosessering ===
2024-11-02 22:00:45,666 - snow_constants - INFO - === Slutt snødybdeprosessering ===
2024-11-02 22:00:58,434 - snow_constants - INFO - === Start snødybdeprosessering ===
2024-11-02 22:00:58,434 - snow_constants - INFO - === Start snødybdeprosessering ===
2024-11-02 22:00:58,435 - snow_constants - INFO - Inndata: 4344 målinger
2024-11-02 22:00:58,435 - snow_constants - INFO - Inndata: 4344 målinger
2024-11-02 22:00:58,437 - snow_constants - INFO - Prosessering fullført. Utdata: 4344 målinger
2024-11-02 22:00:58,437 - snow_constants - INFO - Prosessering fullført. Utdata: 4344 målinger
2024-11-02 22:00:58,437 - snow_constants - INFO - === Slutt snødybdeprosessering ===
2024-11-02 22:00:58,437 - snow_constants - INFO - === Slutt snødybdeprosessering ===
2024-11-02 22:21:41,777 - snow_constants - INFO - === Start snødybdeprosessering ===
2024-11-02 22:21:41,777 - snow_constants - INFO - Inndata: 4344 målinger
2024-11-02 22:21:41,779 - snow_constants - INFO - Prosessering fullført. Utdata: 4344 målinger
2024-11-02 22:21:41,779 - snow_constants - INFO - === Slutt snødybdeprosessering ===
2024-11-02 22:22:04,551 - snow_constants - INFO - === Start snødybdeprosessering ===
2024-11-02 22:22:04,552 - snow_constants - INFO - Inndata: 4344 målinger
2024-11-02 22:22:04,553 - snow_constants - INFO - Prosessering fullført. Utdata: 4344 målinger
2024-11-02 22:22:04,553 - snow_constants - INFO - === Slutt snødybdeprosessering ===
2024-11-02 22:24:30,623 - snow_constants - INFO - === Start snødybdeprosessering ===
2024-11-02 22:24:30,623 - snow_constants - INFO - === Start snødybdeprosessering ===
2024-11-02 22:24:30,624 - snow_constants - INFO - Inndata: 4344 målinger
2024-11-02 22:24:30,624 - snow_constants - INFO - Inndata: 4344 målinger
2024-11-02 22:24:30,626 - snow_constants - INFO - Prosessering fullført. Utdata: 4344 målinger
2024-11-02 22:24:30,626 - snow_constants - INFO - Prosessering fullført. Utdata: 4344 målinger
2024-11-02 22:24:30,626 - snow_constants - INFO - === Slutt snødybdeprosessering ===
2024-11-02 22:24:30,626 - snow_constants - INFO - === Slutt snødybdeprosessering ===
2024-11-02 22:25:05,023 - snow_constants - INFO - === Start snødybdeprosessering ===
2024-11-02 22:25:05,023 - snow_constants - INFO - Inndata: 4344 målinger
2024-11-02 22:25:05,024 - snow_constants - INFO - Prosessering fullført. Utdata: 4344 målinger
2024-11-02 22:25:05,024 - snow_constants - INFO - === Slutt snødybdeprosessering ===
2024-11-02 22:27:03,235 - snow_constants - INFO - === Start snødybdeprosessering ===
2024-11-02 22:27:03,235 - snow_constants - INFO - Inndata: 4344 målinger
2024-11-02 22:27:03,237 - snow_constants - INFO - Prosessering fullført. Utdata: 4344 målinger
2024-11-02 22:27:03,237 - snow_constants - INFO - === Slutt snødybdeprosessering ===
2024-11-02 22:31:53,139 - snow_constants - INFO - === Start snødybdeprosessering ===
2024-11-02 22:31:53,140 - snow_constants - INFO - Inndata: 4344 målinger
2024-11-02 22:31:53,142 - snow_constants - INFO - Prosessering fullført. Utdata: 4344 målinger
2024-11-02 22:31:53,142 - snow_constants - INFO - === Slutt snødybdeprosessering ===
2024-11-02 22:34:20,843 - snow_constants - INFO - === Start snødybdeprosessering ===
2024-11-02 22:34:20,843 - snow_constants - INFO - Inndata: 4344 målinger
2024-11-02 22:34:20,845 - snow_constants - INFO - Prosessering fullført. Utdata: 4344 målinger
2024-11-02 22:34:20,846 - snow_constants - INFO - === Slutt snødybdeprosessering ===
2024-11-02 22:34:34,665 - snow_constants - INFO - === Start snødybdeprosessering ===
2024-11-02 22:34:34,665 - snow_constants - INFO - Inndata: 4344 målinger
2024-11-02 22:34:34,670 - snow_constants - INFO - Prosessering fullført. Utdata: 4344 målinger
2024-11-02 22:34:34,670 - snow_constants - INFO - === Slutt snødybdeprosessering ===
2024-11-02 22:38:14,077 - snow_constants - INFO - === Start snødybdeprosessering ===
2024-11-02 22:38:14,078 - snow_constants - INFO - Inndata: 4344 målinger
2024-11-02 22:38:14,080 - snow_constants - INFO - Prosessering fullført. Utdata: 4344 målinger
2024-11-02 22:38:14,080 - snow_constants - INFO - === Slutt snødybdeprosessering ===
2024-11-03 04:05:54,475 - snow_constants - INFO - === Start snødybdeprosessering ===
2024-11-03 04:05:54,476 - snow_constants - INFO - Inndata: 4344 målinger
2024-11-03 04:05:54,504 - snow_constants - INFO - Prosessering fullført. Utdata: 4344 målinger
2024-11-03 04:05:54,504 - snow_constants - INFO - === Slutt snødybdeprosessering ===
2024-11-03 04:06:16,143 - snow_constants - INFO - === Start snødybdeprosessering ===
2024-11-03 04:06:16,144 - snow_constants - INFO - Inndata: 4344 målinger
2024-11-03 04:06:16,145 - snow_constants - INFO - Prosessering fullført. Utdata: 4344 målinger
2024-11-03 04:06:16,146 - snow_constants - INFO - === Slutt snødybdeprosessering ===
2024-11-03 04:06:20,258 - snow_constants - INFO - === Start snødybdeprosessering ===
2024-11-03 04:06:20,258 - snow_constants - INFO - Inndata: 4344 målinger
2024-11-03 04:06:20,259 - snow_constants - INFO - Prosessering fullført. Utdata: 4344 målinger
2024-11-03 04:06:20,260 - snow_constants - INFO - === Slutt snødybdeprosessering ===
2024-11-03 04:14:44,621 - snow_constants - INFO - === Start snødybdeprosessering ===
2024-11-03 04:14:44,622 - snow_constants - INFO - Inndata: 4344 målinger
2024-11-03 04:14:44,623 - snow_constants - INFO - Prosessering fullført. Utdata: 4344 målinger
2024-11-03 04:14:44,623 - snow_constants - INFO - === Slutt snødybdeprosessering ===
2024-11-03 04:27:13,674 - snow_constants - INFO - === Start snødybdeprosessering ===
2024-11-03 04:27:13,674 - snow_constants - INFO - Inndata: 4344 målinger
2024-11-03 04:27:13,677 - snow_constants - INFO - Prosessering fullført. Utdata: 4344 målinger
2024-11-03 04:27:13,677 - snow_constants - INFO - === Slutt snødybdeprosessering ===
2024-11-03 04:29:44,447 - snow_constants - INFO - === Start snødybdeprosessering ===
2024-11-03 04:29:44,447 - snow_constants - INFO - Inndata: 4344 målinger
2024-11-03 04:29:44,449 - snow_constants - INFO - Prosessering fullført. Utdata: 4344 målinger
2024-11-03 04:29:44,449 - snow_constants - INFO - === Slutt snødybdeprosessering ===
2024-11-03 04:37:41,825 - snow_constants - INFO - === Start snødybdeprosessering ===
2024-11-03 04:37:41,826 - snow_constants - INFO - Inndata: 4344 målinger
2024-11-03 04:37:41,829 - snow_constants - INFO - Prosessering fullført. Utdata: 4344 målinger
2024-11-03 04:37:41,829 - snow_constants - INFO - === Slutt snødybdeprosessering ===
2024-11-03 04:40:11,227 - snow_constants - INFO - === Start snødybdeprosessering ===
2024-11-03 04:40:11,228 - snow_constants - INFO - Inndata: 4344 målinger
2024-11-03 04:40:11,233 - snow_constants - INFO - Prosessering fullført. Utdata: 4344 målinger
2024-11-03 04:40:11,233 - snow_constants - INFO - === Slutt snødybdeprosessering ===
2024-11-03 04:42:28,417 - snow_constants - INFO - === Start snødybdeprosessering ===
2024-11-03 04:42:28,418 - snow_constants - INFO - Inndata: 4344 målinger
2024-11-03 04:42:28,420 - snow_constants - INFO - Prosessering fullført. Utdata: 4344 målinger
2024-11-03 04:42:28,420 - snow_constants - INFO - === Slutt snødybdeprosessering ===
2024-11-03 04:50:57,771 - snow_constants - INFO - === Start snødybdeprosessering ===
2024-11-03 04:50:57,771 - snow_constants - INFO - Inndata: 4344 målinger
2024-11-03 04:50:57,774 - snow_constants - INFO - Prosessering fullført. Utdata: 4344 målinger
2024-11-03 04:50:57,774 - snow_constants - INFO - === Slutt snødybdeprosessering ===
2024-11-03 04:57:19,654 - snow_constants - INFO - === Start snødybdeprosessering ===
2024-11-03 04:57:19,654 - snow_constants - INFO - Inndata: 4344 målinger
2024-11-03 04:57:19,656 - snow_constants - INFO - Prosessering fullført. Utdata: 4344 målinger
2024-11-03 04:57:19,656 - snow_constants - INFO - === Slutt snødybdeprosessering ===
