2025-01-04 07:49:54,954 - 
=== SNØOVERVÅKING STARTET 2025-01-04 07:49:54 ===

2025-01-04 07:49:58,562 - 
=== SNØFORHOLD ANALYSE ===
2025-01-04 07:49:58,563 - Periode: 2025-01-04 01:50:00+00:00 til 2025-01-04 06:00:00+00:00
2025-01-04 07:49:58,563 - Snødybde endring: 1.1 cm
2025-01-04 07:49:58,563 - Total nedbør: 0.3 mm
2025-01-04 07:49:58,563 - Gjennomsnittstemperatur: -6.7°C
2025-01-04 07:49:58,563 - Siste brøyting: 2025-01-03 21:13
2025-01-04 07:49:58,563 - Ingen varsel nødvendig
2025-01-04 07:52:49,701 - 
=== SNØOVERVÅKING STARTET 2025-01-04 07:52:49 ===
Tester for dato: 2025-01-02 23:00

2025-01-04 07:52:50,967 - 
=== SNØFORHOLD ANALYSE ===
2025-01-04 07:52:50,968 - Periode: 2025-01-02 17:00:00+00:00 til 2025-01-02 22:50:00+00:00
2025-01-04 07:52:50,968 - Snødybde endring: 16.1 cm
2025-01-04 07:52:50,968 - Total nedbør: 2.9 mm
2025-01-04 07:52:50,968 - Gjennomsnittstemperatur: -7.3°C
2025-01-04 07:52:50,968 - Siste brøyting: 2025-01-03 21:13
2025-01-04 07:52:52,416 - Varsel sendt på e-post
2025-01-04 07:54:12,030 - 
=== SNØOVERVÅKING STARTET 2025-01-04 07:54:12 ===
Tester for dato: 2025-01-02 23:00

2025-01-04 07:54:13,217 - 
=== SNØFORHOLD ANALYSE ===
2025-01-04 07:54:13,218 - Periode: 2025-01-02 17:00:00+00:00 til 2025-01-02 22:50:00+00:00
2025-01-04 07:54:13,218 - Snødybde endring: 16.1 cm
2025-01-04 07:54:13,218 - Total nedbør: 2.9 mm
2025-01-04 07:54:13,218 - Gjennomsnittstemperatur: -7.3°C
2025-01-04 07:54:13,218 - Siste brøyting: 2025-01-03 21:13
2025-01-04 07:54:14,991 - Varsel sendt på e-post
2025-01-04 07:54:21,771 - 
=== SNØOVERVÅKING STARTET 2025-01-04 07:54:21 ===
Tester for dato: 2025-01-02 23:00

2025-01-04 07:54:22,511 - 
=== SNØFORHOLD ANALYSE ===
2025-01-04 07:54:22,544 - Periode: 2025-01-02 17:00:00+00:00 til 2025-01-02 22:50:00+00:00
2025-01-04 07:54:22,603 - Snødybde endring: 16.1 cm
2025-01-04 07:54:22,604 - Total nedbør: 2.9 mm
2025-01-04 07:54:22,604 - Gjennomsnittstemperatur: -7.3°C
2025-01-04 07:54:22,604 - Siste brøyting: 2025-01-03 21:13
2025-01-04 07:54:23,936 - Varsel sendt på e-post
2025-01-04 07:57:52,783 - 
=== SNØOVERVÅKING STARTET 2025-01-04 07:57:52 ===
Tester for dato: 2025-01-02 23:00

2025-01-04 07:57:53,343 - 
=== SNØFORHOLD ANALYSE ===
2025-01-04 07:57:53,345 - Periode: 2025-01-02 17:00:00+00:00 til 2025-01-02 22:50:00+00:00
2025-01-04 07:57:53,345 - Snødybde endring: 16.1 cm
2025-01-04 07:57:53,345 - Total nedbør: 2.9 mm
2025-01-04 07:57:53,345 - Gjennomsnittstemperatur: -7.3°C
2025-01-04 07:57:53,345 - Siste brøyting: 2025-01-03 21:13
2025-01-04 07:57:54,806 - Varsel sendt på e-post
