2025-01-04 20:12:05,427 - Ikke fredag - ingen rapport sendes
2025-01-04 20:13:13,790 - 
=== UKENTLIG VÆRRAPPORT STARTER 2025-01-04 20:13:13 === (TEST-MODUS)

2025-01-04 20:13:16,892 - Ukesrapport sendt på e-post
2025-01-04 20:17:11,644 - 
=== UKENTLIG VÆRRAPPORT STARTER 2025-01-04 20:17:11 === (TEST-MODUS)

2025-01-04 20:17:14,442 - Ukesrapport sendt på e-post
2025-01-04 20:18:25,041 - 
=== UKENTLIG VÆRRAPPORT STARTER 2025-01-04 20:18:25 === (TEST-MODUS)

2025-01-04 20:18:26,307 - 
Nedbør per dag:
2025-01-04 20:18:26,307 - 2024-12-28: 2.9 mm
2025-01-04 20:18:26,307 - 2024-12-29: 33.8 mm
2025-01-04 20:18:26,307 - 2024-12-30: 2.4 mm
2025-01-04 20:18:26,307 - 2024-12-31: 20.7 mm
2025-01-04 20:18:26,307 - 2025-01-01: 12.7 mm
2025-01-04 20:18:26,307 - 2025-01-02: 8.7 mm
2025-01-04 20:18:26,307 - 2025-01-03: 0.4 mm
2025-01-04 20:18:26,307 - 2025-01-04: 1.0 mm
2025-01-04 20:18:26,307 - 
Totalt antall unike datoer: 8
2025-01-04 20:18:26,307 - Dager med nedbør (>0.1mm): 7
2025-01-04 20:18:27,676 - Ukesrapport sendt på e-post
2025-01-04 20:21:25,013 - 
=== UKENTLIG VÆRRAPPORT STARTER 2025-01-04 20:21:25 === (TEST-MODUS)

2025-01-04 20:21:26,395 - 
Nedbør per dag:
2025-01-04 20:21:26,395 - 2024-12-28: 2.9 mm
2025-01-04 20:21:26,395 - 2024-12-29: 33.8 mm
2025-01-04 20:21:26,395 - 2024-12-30: 2.4 mm
2025-01-04 20:21:26,395 - 2024-12-31: 20.7 mm
2025-01-04 20:21:26,395 - 2025-01-01: 12.7 mm
2025-01-04 20:21:26,395 - 2025-01-02: 8.7 mm
2025-01-04 20:21:26,395 - 2025-01-03: 0.4 mm
2025-01-04 20:21:26,395 - 2025-01-04: 1.0 mm
2025-01-04 20:21:27,815 - Ukesrapport sendt på e-post
2025-01-04 20:31:36,910 - 
=== UKENTLIG VÆRRAPPORT STARTER 2025-01-04 20:31:36 === (TEST-MODUS)

2025-01-04 20:31:57,090 - API-feil: 500 - {
  "@context" : "https://frost.met.no/schema",
  "@type" : "ErrorResponse",
  "apiVersion" : "v0",
  "license" : "https://creativecommons.org/licenses/by/3.0/no/",
  "createdAt" : "2025-01-04T19:31:37Z",
  "queryTime" : 19.926,
  "currentLink" : "https://frost.met.no/observations/v0.jsonld?sources=SN46220&elements=air_temperature%2Csum%28precipitation_amount+PT1H%29%2Cwind_speed%2Crelative_humidity%2Csurface_snow_thickness&referencetime=2024-12-28T20%3A31%3A36%2F2025-01-04T20%3A31%3A36",
  "error" : {
    "code" : 500,
    "message" : "Internal Server Error",
    "reason" : "Exception other than timeout: HikariPool-kdvh (4) - Connection is not available, request timed out after 15000ms."
  }
}
2025-01-04 20:33:14,901 - 
=== UKENTLIG VÆRRAPPORT STARTER 2025-01-04 20:33:14 === (TEST-MODUS)

2025-01-04 20:33:44,988 - Timeout. Forsøk 1/3. Venter 5 sekunder...
2025-01-04 20:34:09,472 - Server feil (500). Forsøk 2/3. Venter 10 sekunder...
2025-01-04 20:34:48,560 - API-feil: 500 - {
  "@context" : "https://frost.met.no/schema",
  "@type" : "ErrorResponse",
  "apiVersion" : "v0",
  "license" : "https://creativecommons.org/licenses/by/3.0/no/",
  "createdAt" : "2025-01-04T19:34:19Z",
  "queryTime" : 28.945,
  "currentLink" : "https://frost.met.no/observations/v0.jsonld?sources=SN46220&elements=air_temperature%2Csum%28precipitation_amount+PT1H%29%2Cwind_speed%2Crelative_humidity%2Csurface_snow_thickness&referencetime=2024-12-28T20%3A33%3A14%2F2025-01-04T20%3A33%3A14",
  "error" : {
    "code" : 500,
    "message" : "Internal Server Error",
    "reason" : "Exception other than timeout: HikariPool-kdvh (4) - Connection is not available, request timed out after 15000ms."
  }
}
2025-01-04 20:37:47,460 - 
=== UKENTLIG VÆRRAPPORT STARTER 2025-01-04 20:37:47 === (TEST-MODUS)

2025-01-04 20:38:17,284 - 
=== UKENTLIG VÆRRAPPORT STARTER 2025-01-04 20:38:17 === (TEST-MODUS)

2025-01-04 20:38:48,721 - API-feil: 500 - {
  "@context" : "https://frost.met.no/schema",
  "@type" : "ErrorResponse",
  "apiVersion" : "v0",
  "license" : "https://creativecommons.org/licenses/by/3.0/no/",
  "createdAt" : "2025-01-04T19:37:47Z",
  "queryTime" : 60.901,
  "currentLink" : "https://frost.met.no/observations/v0.jsonld?sources=SN46220&elements=air_temperature%2Crelative_humidity%2Cwind_speed%2Cwind_from_direction%2Csurface_snow_thickness%2Csum%28precipitation_amount+PT1H%29%2Cmax%28wind_speed+PT1H%29%2Cmin%28air_temperature+PT1H%29%2Cmax%28air_temperature+PT1H%29&referencetime=2024-12-28T20%3A37%3A47%2F2025-01-04T20%3A37%3A47",
  "error" : {
    "code" : 500,
    "message" : "Internal Server Error",
    "reason" : "Exception other than timeout: HikariPool-kdvh (4) - Connection is not available, request timed out after 15000ms."
  }
}
2025-01-04 20:39:11,601 - API-feil: 500 - {
  "@context" : "https://frost.met.no/schema",
  "@type" : "ErrorResponse",
  "apiVersion" : "v0",
  "license" : "https://creativecommons.org/licenses/by/3.0/no/",
  "createdAt" : "2025-01-04T19:38:17Z",
  "queryTime" : 54.226,
  "currentLink" : "https://frost.met.no/observations/v0.jsonld?sources=SN46220&elements=air_temperature%2Crelative_humidity%2Cwind_speed%2Cwind_from_direction%2Csurface_snow_thickness%2Csum%28precipitation_amount+PT1H%29%2Cmax%28wind_speed+PT1H%29%2Cmin%28air_temperature+PT1H%29%2Cmax%28air_temperature+PT1H%29&referencetime=2024-12-28T20%3A38%3A17%2F2025-01-04T20%3A38%3A17",
  "error" : {
    "code" : 500,
    "message" : "Internal Server Error",
    "reason" : "Exception other than timeout: HikariPool-kdvh (4) - Connection is not available, request timed out after 15000ms."
  }
}
2025-01-05 05:22:51,480 - 
=== UKENTLIG VÆRRAPPORT STARTER 2025-01-05 05:22:51 === (TEST-MODUS)

2025-01-05 05:22:53,355 - 
Nedbør per dag:
2025-01-05 05:22:53,355 - 2024-12-29: 31.0 mm
2025-01-05 05:22:53,355 - 2024-12-30: 2.4 mm
2025-01-05 05:22:53,355 - 2024-12-31: 20.7 mm
2025-01-05 05:22:53,355 - 2025-01-01: 12.7 mm
2025-01-05 05:22:53,355 - 2025-01-02: 8.7 mm
2025-01-05 05:22:53,355 - 2025-01-03: 0.4 mm
2025-01-05 05:22:53,355 - 2025-01-04: 1.0 mm
2025-01-05 05:22:53,355 - 2025-01-05: 0.2 mm
2025-01-05 05:22:55,268 - Ukesrapport sendt på e-post
2025-01-09 20:19:22,788 - 
=== UKENTLIG VÆRRAPPORT STARTER 2025-01-09 20:19:22 === (TEST-MODUS)

2025-01-09 20:19:24,455 - 
Nedbør per dag:
2025-01-09 20:19:24,455 - 2025-01-02: 8.6 mm
2025-01-09 20:19:24,455 - 2025-01-03: 0.4 mm
2025-01-09 20:19:24,456 - 2025-01-04: 1.0 mm
2025-01-09 20:19:24,456 - 2025-01-05: 4.8 mm
2025-01-09 20:19:24,456 - 2025-01-06: 4.6 mm
2025-01-09 20:19:24,456 - 2025-01-07: 0.6 mm
2025-01-09 20:19:24,456 - 2025-01-08: 0.0 mm
2025-01-09 20:19:24,456 - 2025-01-09: 1.0 mm
2025-01-09 20:19:26,398 - Ukesrapport sendt på e-post
2025-01-09 20:22:52,399 - 
=== UKENTLIG VÆRRAPPORT STARTER 2025-01-09 20:22:52 === (TEST-MODUS)

2025-01-09 20:22:53,886 - 
Nedbør per dag:
2025-01-09 20:22:53,886 - 2025-01-02: 8.6 mm
2025-01-09 20:22:53,887 - 2025-01-03: 0.4 mm
2025-01-09 20:22:53,887 - 2025-01-04: 1.0 mm
2025-01-09 20:22:53,887 - 2025-01-05: 4.8 mm
2025-01-09 20:22:53,887 - 2025-01-06: 4.6 mm
2025-01-09 20:22:53,887 - 2025-01-07: 0.6 mm
2025-01-09 20:22:53,887 - 2025-01-08: 0.0 mm
2025-01-09 20:22:53,887 - 2025-01-09: 1.0 mm
2025-01-09 20:22:54,965 - Værgraf lagret til /Users/tor.inge.jossang@aftenbladet.no/dev/alarm-system/data/weather_plot.png
2025-01-09 20:22:57,378 - Ukesrapport sendt på e-post
2025-01-09 20:25:19,421 - 
=== UKENTLIG VÆRRAPPORT STARTER 2025-01-09 20:25:19 === (TEST-MODUS)

2025-01-09 20:25:20,789 - 
Nedbør per dag:
2025-01-09 20:25:20,789 - 2025-01-02: 8.6 mm
2025-01-09 20:25:20,789 - 2025-01-03: 0.4 mm
2025-01-09 20:25:20,789 - 2025-01-04: 1.0 mm
2025-01-09 20:25:20,789 - 2025-01-05: 4.8 mm
2025-01-09 20:25:20,789 - 2025-01-06: 4.6 mm
2025-01-09 20:25:20,789 - 2025-01-07: 0.6 mm
2025-01-09 20:25:20,789 - 2025-01-08: 0.0 mm
2025-01-09 20:25:20,789 - 2025-01-09: 1.0 mm
2025-01-09 20:25:22,055 - Værgraf lagret til /Users/tor.inge.jossang@aftenbladet.no/dev/alarm-system/data/weather_plot.png
2025-01-09 20:25:24,467 - Ukesrapport sendt på e-post
2025-01-10 06:39:36,786 - 
=== UKENTLIG VÆRRAPPORT STARTER 2025-01-10 06:39:36 === (TEST-MODUS)

2025-01-10 06:39:38,287 - 
Nedbør per dag:
2025-01-10 06:39:38,287 - 2025-01-03: 0.1 mm
2025-01-10 06:39:38,287 - 2025-01-04: 1.0 mm
2025-01-10 06:39:38,287 - 2025-01-05: 4.8 mm
2025-01-10 06:39:38,287 - 2025-01-06: 4.6 mm
2025-01-10 06:39:38,287 - 2025-01-07: 0.6 mm
2025-01-10 06:39:38,287 - 2025-01-08: 0.0 mm
2025-01-10 06:39:38,287 - 2025-01-09: 1.0 mm
2025-01-10 06:39:38,287 - 2025-01-10: 0.0 mm
2025-01-10 06:39:38,638 - Feil ved oppretting av værgraf: 'wind_speed_of_gust'
2025-01-10 06:39:42,576 - Ukesrapport sendt på e-post
2025-01-10 06:54:51,757 - 
=== UKENTLIG VÆRRAPPORT STARTER 2025-01-10 06:54:51 === (TEST-MODUS)

2025-01-10 06:54:53,441 - 
Nedbør per dag:
2025-01-10 06:54:53,441 - 2025-01-03: 0.1 mm
2025-01-10 06:54:53,442 - 2025-01-04: 1.0 mm
2025-01-10 06:54:53,442 - 2025-01-05: 4.8 mm
2025-01-10 06:54:53,442 - 2025-01-06: 4.6 mm
2025-01-10 06:54:53,442 - 2025-01-07: 0.6 mm
2025-01-10 06:54:53,442 - 2025-01-08: 0.0 mm
2025-01-10 06:54:53,442 - 2025-01-09: 1.0 mm
2025-01-10 06:54:53,442 - 2025-01-10: 0.0 mm
2025-01-10 06:54:55,002 - Værgraf lagret til /Users/tor.inge.jossang@aftenbladet.no/dev/alarm-system/data/weather_plot.png
2025-01-10 06:54:59,476 - Ukesrapport sendt på e-post
2025-01-16 20:12:39,636 - 
=== UKENTLIG VÆRRAPPORT STARTER 2025-01-16 20:12:39 === (TEST-MODUS)

2025-01-16 20:12:41,623 - 
Nedbør per dag:
2025-01-16 20:12:41,623 - 2025-01-09: 0.0 mm
2025-01-16 20:12:41,623 - 2025-01-10: 0.0 mm
2025-01-16 20:12:41,623 - 2025-01-11: 0.0 mm
2025-01-16 20:12:41,623 - 2025-01-12: 0.0 mm
2025-01-16 20:12:41,623 - 2025-01-13: 31.3 mm
2025-01-16 20:12:41,623 - 2025-01-14: 21.6 mm
2025-01-16 20:12:41,623 - 2025-01-15: 3.4 mm
2025-01-16 20:12:41,623 - 2025-01-16: 0.4 mm
2025-01-16 20:12:43,001 - Værgraf lagret til /Users/tor.inge.jossang@aftenbladet.no/dev/alarm-system/data/weather_plot.png
2025-01-16 20:12:56,290 - Ukesrapport sendt på e-post
2025-01-24 06:45:33,232 - 
=== UKENTLIG VÆRRAPPORT STARTER 2025-01-24 06:45:33 ===

2025-01-24 06:45:35,598 - 
Nedbør per dag:
2025-01-24 06:45:35,598 - 2025-01-17: 1.8 mm
2025-01-24 06:45:35,598 - 2025-01-18: 0.2 mm
2025-01-24 06:45:35,598 - 2025-01-19: 0.0 mm
2025-01-24 06:45:35,598 - 2025-01-20: 0.0 mm
2025-01-24 06:45:35,598 - 2025-01-21: 0.2 mm
2025-01-24 06:45:35,598 - 2025-01-22: 0.0 mm
2025-01-24 06:45:35,598 - 2025-01-23: 1.7 mm
2025-01-24 06:45:35,598 - 2025-01-24: 0.1 mm
2025-01-24 06:45:37,025 - Værgraf lagret til /Users/tor.inge.jossang@aftenbladet.no/dev/alarm-system/data/weather_plot.png
2025-01-24 06:45:41,123 - Ukesrapport sendt på e-post
2025-01-30 09:52:26,418 - Ikke fredag - ingen rapport sendes
